<?xml version="1.0" encoding="UTF-8"?>
<!-- Generated by org.testng.reporters.JUnitXMLReporter -->
<testsuite ignored="3" hostname="MOHAMMAD" failures="0" tests="1" name="Default test" time="14.579" errors="0" timestamp="2025-09-15T19:25:16 EET">
  <testcase classname="AutomationTestStore.TestStore" name="AddItems" time="12.407"/>
  <testcase classname="AutomationTestStore.TestStore" name="SignUpTest" time="0.0">
    <ignored/>
  </testcase> <!-- SignUpTest -->
  <testcase classname="AutomationTestStore.TestStore" name="logOutTest" time="0.0">
    <ignored/>
  </testcase> <!-- logOutTest -->
  <testcase classname="AutomationTestStore.TestStore" name="LogIn" time="0.0">
    <ignored/>
  </testcase> <!-- LogIn -->
</testsuite> <!-- Default test -->
