<?xml version="1.0" encoding="UTF-8"?>
<testng-results ignored="3" total="4" passed="1" failed="0" skipped="0">
  <reporter-output>
  </reporter-output>
  <suite started-at="2025-09-15T19:25:02 EET" name="Default suite" finished-at="2025-09-15T19:25:16 EET" duration-ms="14579">
    <groups>
    </groups>
    <test started-at="2025-09-15T19:25:02 EET" name="Default test" finished-at="2025-09-15T19:25:16 EET" duration-ms="14579">
      <class name="AutomationTestStore.TestStore">
        <test-method is-config="true" signature="SetUp()[pri:0, instance:AutomationTestStore.TestStore@293a5f75]" started-at="2025-09-15T19:25:02 EET" name="SetUp" finished-at="2025-09-15T19:25:04 EET" duration-ms="2102" status="PASS">
          <reporter-output>
          </reporter-output>
        </test-method> <!-- SetUp -->
        <test-method signature="AddItems()[pri:4, instance:AutomationTestStore.TestStore@293a5f75]" started-at="2025-09-15T19:25:04 EET" name="AddItems" finished-at="2025-09-15T19:25:16 EET" duration-ms="12407" status="PASS">
          <reporter-output>
          </reporter-output>
        </test-method> <!-- AddItems -->
        <test-method is-config="true" signature="AfterMyTest()[pri:0, instance:AutomationTestStore.TestStore@293a5f75]" started-at="2025-09-15T19:25:16 EET" name="AfterMyTest" finished-at="2025-09-15T19:25:16 EET" duration-ms="1" status="PASS">
          <reporter-output>
          </reporter-output>
        </test-method> <!-- AfterMyTest -->
      </class> <!-- AutomationTestStore.TestStore -->
    </test> <!-- Default test -->
  </suite> <!-- Default suite -->
</testng-results>
